<?xml version="1.0" encoding="UTF-8"?>
<coverage generated="1607648352871" clover="3.2.0">
  <project timestamp="1607648352871" name="All files">
    <metrics statements="17" coveredstatements="17" conditionals="0" coveredconditionals="0" methods="5" coveredmethods="5" elements="22" coveredelements="22" complexity="0" loc="17" ncloc="17" packages="1" files="1" classes="1"/>
    <file name="index.js" path="/Users/ariane/Desktop/Make School/Courses/FEW2.1/final/index.js">
      <metrics statements="17" coveredstatements="17" conditionals="0" coveredconditionals="0" methods="5" coveredmethods="5"/>
      <line num="2" count="1" type="stmt"/>
      <line num="3" count="1" type="stmt"/>
      <line num="5" count="4" type="stmt"/>
      <line num="7" count="1" type="stmt"/>
      <line num="9" count="3" type="stmt"/>
      <line num="11" count="1" type="stmt"/>
      <line num="13" count="3" type="stmt"/>
      <line num="15" count="1" type="stmt"/>
      <line num="17" count="4" type="stmt"/>
      <line num="19" count="1" type="stmt"/>
      <line num="21" count="6" type="stmt"/>
      <line num="23" count="1" type="stmt"/>
      <line num="24" count="1" type="stmt"/>
      <line num="25" count="1" type="stmt"/>
      <line num="26" count="1" type="stmt"/>
      <line num="27" count="1" type="stmt"/>
      <line num="28" count="1" type="stmt"/>
    </file>
  </project>
</coverage>
